<?xml version="1.0" encoding="UTF-8"?>
<!-- Generated by org.testng.reporters.JUnitXMLReporter -->
<testsuite ignored="0" hostname="DESKTOP-4RMJIDB" failures="0" tests="3" name="Default test" time="81.602" errors="0" timestamp="2022-10-11T18:53:30 IST">
  <testcase classname="testNG.dataprovider" name="add" time="31.898"/>
  <testcase classname="testNG.dataprovider" name="add" time="24.812"/>
  <testcase classname="testNG.dataprovider" name="add" time="24.799"/>
</testsuite> <!-- Default test -->
