<?xml version="1.0" encoding="UTF-8"?>
<!-- Generated by org.testng.reporters.JUnitXMLReporter -->
<testsuite ignored="0" hostname="DESKTOP-4RMJIDB" failures="0" tests="6" name="testNG" time="0.126" errors="0" timestamp="2022-10-11T16:10:52 IST">
  <testcase classname="testNG.Ex1" name="sub" time="0.009"/>
  <testcase classname="testNG.Ex1" name="Book" time="0.003"/>
  <testcase classname="testNG.Ex1" name="add" time="0.005"/>
  <testcase classname="testNG.Ex1" name="bBok" time="0.004"/>
  <testcase classname="testNG.Ex1" name="book" time="0.007"/>
  <testcase classname="testNG.NewTest" name="f" time="0.003"/>
</testsuite> <!-- testNG -->
