<?xml version="1.0" encoding="UTF-8"?>
<testng-results ignored="0" total="1" passed="1" failed="0" skipped="0">
  <reporter-output>
  </reporter-output>
  <suite started-at="2022-10-11T20:14:13 IST" name="Suite" finished-at="2022-10-11T20:14:50 IST" duration-ms="36869">
    <groups>
    </groups>
    <test started-at="2022-10-11T20:14:13 IST" name="Test" finished-at="2022-10-11T20:14:50 IST" duration-ms="36869">
      <class name="testNG.parameter">
        <test-method signature="add(java.lang.String,java.lang.String)[pri:0, instance:testNG.parameter@5acf93bb]" started-at="2022-10-11T20:14:13 IST" name="add" finished-at="2022-10-11T20:14:50 IST" duration-ms="36803" status="PASS">
          <params>
            <param index="0">
              <value>
                <![CDATA[admin]]>
              </value>
            </param>
            <param index="1">
              <value>
                <![CDATA[admin123]]>
              </value>
            </param>
          </params>
          <reporter-output>
          </reporter-output>
        </test-method> <!-- add -->
      </class> <!-- testNG.parameter -->
    </test> <!-- Test -->
  </suite> <!-- Suite -->
</testng-results>
